<?xml version="1.0" encoding="UTF-8"?>
<!-- Generated by org.testng.reporters.JUnitReportReporter -->
<testsuite skipped="0" hostname="Apples-Air" name="airtelAssignment.TestClass" tests="2" failures="0" timestamp="19 Jul 2020 13:32:03 GMT" time="30.561" errors="0">
  <testcase name="useCase_2" time="14.064" classname="airtelAssignment.TestClass"/>
  <testcase name="useCase_1" time="16.497" classname="airtelAssignment.TestClass"/>
</testsuite> <!-- airtelAssignment.TestClass -->
